\BOOKMARK [1][-]{section.1}{\376\377\000I\000n\000t\000r\000o\000d\000u\000c\000t\000i\000o\000n}{}% 1
\BOOKMARK [2][-]{subsection.1.1}{\376\377\000B\000a\000c\000k\000g\000r\000o\000u\000n\000d}{section.1}% 2
\BOOKMARK [2][-]{subsection.1.2}{\376\377\000E\000x\000i\000s\000t\000i\000n\000g\000\040\000l\000i\000t\000e\000r\000a\000t\000u\000r\000e\000\040\000o\000n\000\040\000s\000t\000a\000b\000l\000e\000\040\000m\000a\000r\000r\000i\000a\000g\000e\000\040\000p\000r\000o\000b\000l\000e\000m}{section.1}% 3
\BOOKMARK [2][-]{subsection.1.3}{\376\377\000M\000e\000t\000h\000o\000d\000o\000l\000o\000g\000y}{section.1}% 4
\BOOKMARK [2][-]{subsection.1.4}{\376\377\000O\000u\000t\000l\000i\000n\000e\000\040\000o\000f\000\040\000t\000h\000e\000\040\000r\000e\000p\000o\000r\000t}{section.1}% 5
\BOOKMARK [1][-]{section.2}{\376\377\000S\000t\000a\000b\000l\000e\000\040\000m\000a\000r\000r\000i\000a\000g\000e\000\040\000p\000r\000o\000b\000l\000e\000m}{}% 6
\BOOKMARK [2][-]{subsection.2.1}{\376\377\000M\000a\000t\000c\000h\000i\000n\000g\000\040\000i\000n\000\040\000g\000r\000a\000p\000h}{section.2}% 7
\BOOKMARK [2][-]{subsection.2.2}{\376\377\000S\000t\000a\000b\000l\000e\000\040\000m\000a\000r\000r\000i\000a\000g\000e}{section.2}% 8
\BOOKMARK [2][-]{subsection.2.3}{\376\377\000G\000l\000o\000b\000a\000l\000\040\000o\000p\000t\000i\000m\000a\000l\000\040\000s\000o\000l\000u\000t\000i\000o\000n}{section.2}% 9
\BOOKMARK [1][-]{section.3}{\376\377\000A\000l\000g\000o\000r\000i\000t\000h\000m\000s\000\040\000f\000o\000r\000\040\000s\000t\000a\000b\000l\000e\000\040\000m\000a\000r\000r\000i\000a\000g\000e\000\040\000p\000r\000o\000b\000l\000e\000m}{}% 10
\BOOKMARK [2][-]{subsection.3.1}{\376\377\000G\000a\000l\000e\000-\000S\000h\000a\000p\000l\000e\000y\000\040\000a\000l\000g\000o\000r\000i\000t\000h\000m}{section.3}% 11
\BOOKMARK [3][-]{subsubsection.3.1.1}{\376\377\000U\000n\000d\000e\000r\000l\000y\000i\000n\000g\000\040\000l\000o\000g\000i\000c}{subsection.3.1}% 12
\BOOKMARK [3][-]{subsubsection.3.1.2}{\376\377\000F\000i\000n\000d\000i\000n\000g\000\040\000a\000l\000l\000\040\000s\000t\000a\000b\000l\000e\000\040\000s\000o\000l\000u\000t\000i\000o\000n\000s}{subsection.3.1}% 13
\BOOKMARK [2][-]{subsection.3.2}{\376\377\000A\000s\000s\000i\000g\000n\000m\000e\000n\000t\000\040\000p\000r\000o\000b\000l\000e\000m\000\040\000a\000n\000d\000\040\000H\000u\000n\000g\000a\000r\000i\000a\000n\000\040\000a\000l\000g\000o\000r\000i\000t\000h\000m}{section.3}% 14
\BOOKMARK [3][-]{subsubsection.3.2.1}{\376\377\000A\000s\000s\000i\000g\000n\000m\000e\000n\000t\000\040\000p\000r\000o\000b\000l\000e\000m\000\040\000a\000n\000d\000\040\000s\000t\000a\000b\000l\000e\000\040\000m\000a\000r\000r\000i\000a\000g\000e}{subsection.3.2}% 15
\BOOKMARK [3][-]{subsubsection.3.2.2}{\376\377\000T\000h\000e\000\040\000H\000u\000n\000g\000a\000r\000i\000a\000n\000\040\000a\000l\000g\000o\000r\000i\000t\000h\000m}{subsection.3.2}% 16
\BOOKMARK [1][-]{section.4}{\376\377\000E\000x\000p\000e\000r\000i\000m\000e\000n\000t\000a\000l\000\040\000a\000n\000d\000\040\000p\000e\000r\000f\000o\000r\000m\000a\000n\000c\000e\000\040\000a\000n\000a\000l\000y\000s\000i\000s}{}% 17
\BOOKMARK [2][-]{subsection.4.1}{\376\377\000A\000l\000g\000o\000r\000i\000t\000h\000m\000s\000\040\000a\000n\000a\000l\000y\000s\000i\000s}{section.4}% 18
\BOOKMARK [3][-]{subsubsection.4.1.1}{\376\377\000C\000o\000m\000p\000a\000r\000i\000s\000o\000n\000\040\000o\000n\000\040\000t\000w\000o\000\040\000a\000l\000g\000o\000r\000i\000t\000h\000m\000s\000:}{subsection.4.1}% 19
\BOOKMARK [3][-]{subsubsection.4.1.2}{\376\377\000U\000n\000f\000a\000i\000r\000n\000e\000s\000s\000\040\000o\000n\000\040\000G\000a\000l\000e\000-\000S\000h\000a\000p\000l\000e\000y\000:}{subsection.4.1}% 20
\BOOKMARK [2][-]{subsection.4.2}{\376\377\000T\000r\000i\000a\000l\000s\000\040\000o\000n\000\040\000i\000m\000p\000r\000o\000v\000e\000m\000e\000n\000t}{section.4}% 21
\BOOKMARK [3][-]{subsubsection.4.2.1}{\376\377\000I\000m\000p\000r\000o\000v\000e\000m\000e\000n\000t\000\040\000o\000n\000\040\000G\000a\000l\000e\000-\000S\000h\000a\000p\000l\000e\000y}{subsection.4.2}% 22
\BOOKMARK [3][-]{subsubsection.4.2.2}{\376\377\000I\000m\000p\000r\000o\000v\000e\000m\000e\000n\000t\000\040\000o\000n\000\040\000K\000u\000h\000n\000-\000M\000u\000n\000k\000r\000e\000s}{subsection.4.2}% 23
\BOOKMARK [1][-]{section.5}{\376\377\000C\000o\000n\000c\000l\000u\000s\000i\000o\000n\000\040\000a\000n\000d\000\040\000d\000i\000s\000c\000u\000s\000s\000i\000o\000n}{}% 24
\BOOKMARK [1][-]{lstnumber.-1.707}{\376\377\000R\000e\000f\000e\000r\000e\000n\000c\000e\000s}{}% 25
